[0m17:02:53.044646 [debug] [MainThread]: Sending event: {'category': 'dbt', 'action': 'invocation', 'label': 'start', 'context': [<snowplow_tracker.self_describing_json.SelfDescribingJson object at 0x10aa95e50>, <snowplow_tracker.self_describing_json.SelfDescribingJson object at 0x10aabf0d0>, <snowplow_tracker.self_describing_json.SelfDescribingJson object at 0x10aabf510>]}


============================== 17:02:53.053032 | 52b58729-5bb5-4e3d-b1d1-d7e30dc9268a ==============================
[0m17:02:53.053032 [info ] [MainThread]: Running with dbt=1.8.2
[0m17:02:53.053857 [debug] [MainThread]: running dbt with arguments {'printer_width': '80', 'indirect_selection': 'eager', 'log_cache_events': 'False', 'write_json': 'True', 'partial_parse': 'True', 'cache_selected_only': 'False', 'profiles_dir': '/Users/sreetamkumardev/.dbt', 'debug': 'False', 'version_check': 'True', 'log_path': 'logs', 'fail_fast': 'False', 'warn_error': 'None', 'use_colors': 'True', 'use_experimental_parser': 'False', 'no_print': 'None', 'quiet': 'False', 'log_format': 'default', 'invocation_command': 'dbt init', 'introspect': 'True', 'warn_error_options': 'WarnErrorOptions(include=[], exclude=[])', 'target_path': 'None', 'static_parser': 'True', 'send_anonymous_usage_stats': 'True'}
[0m17:03:38.709125 [debug] [MainThread]: Starter project path: /Users/sreetamkumardev/Downloads/SKUTOPIA/Task/dbt/dbt-env-worldbank/lib/python3.11/site-packages/dbt/include/starter_project
[0m17:03:38.737731 [info ] [MainThread]: 
Your new dbt project "dbt_worldbank_project" was created!

For more information on how to configure the profiles.yml file,
please consult the dbt documentation here:

  https://docs.getdbt.com/docs/configure-your-profile

One more thing:

Need help? Don't hesitate to reach out to us via GitHub issues or on Slack:

  https://community.getdbt.com/

Happy modeling!

[0m17:03:38.739466 [info ] [MainThread]: Setting up your profile.
[0m17:06:59.998844 [info ] [MainThread]: Profile dbt_worldbank_project written to /Users/sreetamkumardev/.dbt/profiles.yml using target's profile_template.yml and your supplied values. Run 'dbt debug' to validate the connection.
[0m17:07:00.045469 [debug] [MainThread]: Resource report: {"command_name": "init", "command_success": true, "command_wall_clock_time": 247.0961, "process_user_time": 1.279724, "process_kernel_time": 0.243568, "process_mem_max_rss": "87629824", "process_in_blocks": "0", "process_out_blocks": "0"}
[0m17:07:00.049170 [debug] [MainThread]: Command `dbt init` succeeded at 17:07:00.048792 after 247.10 seconds
[0m17:07:00.050922 [debug] [MainThread]: Sending event: {'category': 'dbt', 'action': 'invocation', 'label': 'end', 'context': [<snowplow_tracker.self_describing_json.SelfDescribingJson object at 0x10aadf610>, <snowplow_tracker.self_describing_json.SelfDescribingJson object at 0x10aadf390>, <snowplow_tracker.self_describing_json.SelfDescribingJson object at 0x10a70dfd0>]}
[0m17:07:00.052561 [debug] [MainThread]: Flushing usage events
